```
kj6gc@DESKTOP-4GFKEFH MINGW64 /d/0000 Codepath/AI110 - Foundations of AI Engineering/ai110-module1show-gameglitchinvestigator-starter (main)
$ pytest tests/test_game_logic.py -v
========================================================================================== test session starts ==========================================================================================
platform win32 -- Python 3.14.2, pytest-9.0.3, pluggy-1.6.0 -- d:\0000 Codepath\AI110 - Foundations of AI Engineering\ai110-module1show-gameglitchinvestigator-starter\.venv\Scripts\python.exe
cachedir: .pytest_cache
rootdir: D:\0000 Codepath\AI110 - Foundations of AI Engineering\ai110-module1show-gameglitchinvestigator-starter
plugins: anyio-4.13.0
collected 22 items

tests/test_game_logic.py::test_winning_guess PASSED                                                                                                                                                [  4%]
tests/test_game_logic.py::test_guess_too_high PASSED                                                                                                                                               [  9%]
tests/test_game_logic.py::test_guess_too_low PASSED                                                                                                                                                [ 13%]
tests/test_game_logic.py::test_too_high_hint_directs_player_lower PASSED                                                                                                                           [ 18%]
tests/test_game_logic.py::test_too_low_hint_directs_player_higher PASSED                                                                                                                           [ 22%]
tests/test_game_logic.py::test_integer_comparison_not_lexicographic PASSED                                                                                                                         [ 27%]
tests/test_game_logic.py::test_two_digit_boundary_comparison PASSED                                                                                                                                [ 31%]
tests/test_game_logic.py::test_easy_range PASSED                                                                                                                                                   [ 36%]
tests/test_game_logic.py::test_normal_range_is_not_harder_than_hard PASSED                                                                                                                         [ 40%]
tests/test_game_logic.py::test_normal_range PASSED                                                                                                                                                 [ 45%]
tests/test_game_logic.py::test_hard_range PASSED                                                                                                                                                   [ 50%]
tests/test_game_logic.py::test_easy_allows_more_attempts_than_normal PASSED                                                                                                                        [ 54%]
tests/test_game_logic.py::test_easy_attempt_limit PASSED                                                                                                                                           [ 59%]
tests/test_game_logic.py::test_normal_attempt_limit PASSED                                                                                                                                         [ 63%]
tests/test_game_logic.py::test_hard_attempt_limit PASSED                                                                                                                                           [ 68%]
tests/test_game_logic.py::test_parse_guess_rejects_above_range PASSED                                                                                                                              [ 72%]
tests/test_game_logic.py::test_parse_guess_rejects_below_range PASSED                                                                                                                              [ 77%]
tests/test_game_logic.py::test_parse_guess_accepts_value_at_lower_bound PASSED                                                                                                                     [ 81%]
tests/test_game_logic.py::test_parse_guess_accepts_value_at_upper_bound PASSED                                                                                                                     [ 86%]
tests/test_game_logic.py::test_parse_guess_accepts_value_in_range PASSED                                                                                                                           [ 90%]
tests/test_game_logic.py::test_parse_guess_rejects_non_numeric_input PASSED                                                                                                                        [ 95%]
tests/test_game_logic.py::test_parse_guess_rejects_empty_input PASSED                                                                                                                              [100%]

========================================================================================== 22 passed in 0.04s ===========================================================================================
(.venv)
```